This is pdfTeX, Version 3.1415926-1.40.10 (TeX Live 2009/Debian) (format=pdflatex 2012.10.18)  8 JUN 2013 17:02
entering extended mode
 %&-line parsing enabled.
**report.tex
(./report.tex
LaTeX2e <2009/09/24>
Babel <v3.8l> and hyphenation patterns for english, usenglishmax, dumylang, noh
yphenation, ngerman, german, german-x-2009-06-19, ngerman-x-2009-06-19, ukengli
sh, loaded.
(/usr/share/texmf-texlive/tex/latex/base/article.cls
Document Class: article 2007/10/19 v1.4h Standard LaTeX document class
(/usr/share/texmf-texlive/tex/latex/base/size12.clo
File: size12.clo 2007/10/19 v1.4h Standard LaTeX file (size option)
)
\c@part=\count79
\c@section=\count80
\c@subsection=\count81
\c@subsubsection=\count82
\c@paragraph=\count83
\c@subparagraph=\count84
\c@figure=\count85
\c@table=\count86
\abovecaptionskip=\skip41
\belowcaptionskip=\skip42
\bibindent=\dimen102
)
(/usr/share/texmf-texlive/tex/latex/base/inputenc.sty
Package: inputenc 2008/03/30 v1.1d Input encoding file
\inpenc@prehook=\toks14
\inpenc@posthook=\toks15

(/usr/share/texmf-texlive/tex/latex/ucs/utf8x.def
File: utf8x.def 2004/10/17 UCS: Input encoding UTF-8
))
(/usr/share/texmf-texlive/tex/latex/ucs/ucs.sty
Package: ucs 2004/10/17 UCS: Unicode input support

(/usr/share/texmf-texlive/tex/latex/ucs/data/uni-global.def
File: uni-global.def 2004/10/17 UCS: Unicode global data
)
\uc@secondtry=\count87
\uc@combtoks=\toks16
\uc@combtoksb=\toks17
\uc@temptokena=\toks18
)
(/usr/share/texmf-texlive/tex/latex/preprint/fullpage.sty
Package: fullpage 1999/02/23 1.1 (PWD)
\FP@margin=\skip43
)
(/usr/share/texmf-texlive/tex/latex/graphics/graphicx.sty
Package: graphicx 1999/02/16 v1.0f Enhanced LaTeX Graphics (DPC,SPQR)

(/usr/share/texmf-texlive/tex/latex/graphics/keyval.sty
Package: keyval 1999/03/16 v1.13 key=value parser (DPC)
\KV@toks@=\toks19
)
(/usr/share/texmf-texlive/tex/latex/graphics/graphics.sty
Package: graphics 2009/02/05 v1.0o Standard LaTeX Graphics (DPC,SPQR)

(/usr/share/texmf-texlive/tex/latex/graphics/trig.sty
Package: trig 1999/03/16 v1.09 sin cos tan (DPC)
)
(/etc/texmf/tex/latex/config/graphics.cfg
File: graphics.cfg 2009/08/28 v1.8 graphics configuration of TeX Live
)
Package graphics Info: Driver file: pdftex.def on input line 91.

(/usr/share/texmf-texlive/tex/latex/pdftex-def/pdftex.def
File: pdftex.def 2010/03/12 v0.04p Graphics/color for pdfTeX
\Gread@gobject=\count88
))
\Gin@req@height=\dimen103
\Gin@req@width=\dimen104
)
(/usr/share/texmf-texlive/tex/latex/amsfonts/amsfonts.sty
Package: amsfonts 2009/06/22 v3.00 Basic AMSFonts support
\@emptytoks=\toks20
\symAMSa=\mathgroup4
\symAMSb=\mathgroup5
LaTeX Font Info:    Overwriting math alphabet `\mathfrak' in version `bold'
(Font)                  U/euf/m/n --> U/euf/b/n on input line 96.
)
(/usr/share/texmf-texlive/tex/latex/amsmath/amsmath.sty
Package: amsmath 2000/07/18 v2.13 AMS math features
\@mathmargin=\skip44

For additional information on amsmath, use the `?' option.
(/usr/share/texmf-texlive/tex/latex/amsmath/amstext.sty
Package: amstext 2000/06/29 v2.01

(/usr/share/texmf-texlive/tex/latex/amsmath/amsgen.sty
File: amsgen.sty 1999/11/30 v2.0
\@emptytoks=\toks21
\ex@=\dimen105
))
(/usr/share/texmf-texlive/tex/latex/amsmath/amsbsy.sty
Package: amsbsy 1999/11/29 v1.2d
\pmbraise@=\dimen106
)
(/usr/share/texmf-texlive/tex/latex/amsmath/amsopn.sty
Package: amsopn 1999/12/14 v2.01 operator names
)
\inf@bad=\count89
LaTeX Info: Redefining \frac on input line 211.
\uproot@=\count90
\leftroot@=\count91
LaTeX Info: Redefining \overline on input line 307.
\classnum@=\count92
\DOTSCASE@=\count93
LaTeX Info: Redefining \ldots on input line 379.
LaTeX Info: Redefining \dots on input line 382.
LaTeX Info: Redefining \cdots on input line 467.
\Mathstrutbox@=\box26
\strutbox@=\box27
\big@size=\dimen107
LaTeX Font Info:    Redeclaring font encoding OML on input line 567.
LaTeX Font Info:    Redeclaring font encoding OMS on input line 568.
\macc@depth=\count94
\c@MaxMatrixCols=\count95
\dotsspace@=\muskip10
\c@parentequation=\count96
\dspbrk@lvl=\count97
\tag@help=\toks22
\row@=\count98
\column@=\count99
\maxfields@=\count100
\andhelp@=\toks23
\eqnshift@=\dimen108
\alignsep@=\dimen109
\tagshift@=\dimen110
\tagwidth@=\dimen111
\totwidth@=\dimen112
\lineht@=\dimen113
\@envbody=\toks24
\multlinegap=\skip45
\multlinetaggap=\skip46
\mathdisplay@stack=\toks25
LaTeX Info: Redefining \[ on input line 2666.
LaTeX Info: Redefining \] on input line 2667.
)
(/usr/share/texmf-texlive/tex/latex/ltxmisc/url.sty
\Urlmuskip=\muskip11
Package: url 2006/04/12  ver 3.3  Verb mode for urls, etc.
)
(/usr/share/texmf-texlive/tex/latex/caption/caption.sty
Package: caption 2009/10/09 v3.1k Customizing captions (AR)

(/usr/share/texmf-texlive/tex/latex/caption/caption3.sty
Package: caption3 2009/10/09 v3.1k caption3 kernel (AR)
\captionmargin=\dimen114
\captionmargin@=\dimen115
\captionwidth=\dimen116
\caption@indent=\dimen117
\caption@parindent=\dimen118
\caption@hangindent=\dimen119
)
\c@ContinuedFloat=\count101
) (./report.aux)
\openout1 = `report.aux'.

LaTeX Font Info:    Checking defaults for OML/cmm/m/it on input line 16.
LaTeX Font Info:    ... okay on input line 16.
LaTeX Font Info:    Checking defaults for T1/cmr/m/n on input line 16.
LaTeX Font Info:    ... okay on input line 16.
LaTeX Font Info:    Checking defaults for OT1/cmr/m/n on input line 16.
LaTeX Font Info:    ... okay on input line 16.
LaTeX Font Info:    Checking defaults for OMS/cmsy/m/n on input line 16.
LaTeX Font Info:    ... okay on input line 16.
LaTeX Font Info:    Checking defaults for OMX/cmex/m/n on input line 16.
LaTeX Font Info:    ... okay on input line 16.
LaTeX Font Info:    Checking defaults for U/cmr/m/n on input line 16.
LaTeX Font Info:    ... okay on input line 16.

(/usr/share/texmf-texlive/tex/latex/ucs/ucsencs.def
File: ucsencs.def 2003/11/29 Fixes to fontencodings LGR, T3
)
(/usr/share/texmf-texlive/tex/context/base/supp-pdf.mkii
[Loading MPS to PDF converter (version 2006.09.02).]
\scratchcounter=\count102
\scratchdimen=\dimen120
\scratchbox=\box28
\nofMPsegments=\count103
\nofMParguments=\count104
\everyMPshowfont=\toks26
\MPscratchCnt=\count105
\MPscratchDim=\dimen121
\MPnumerator=\count106
\everyMPtoPDFconversion=\toks27
)
Package caption Info: Begin \AtBeginDocument code.
Package caption Info: End \AtBeginDocument code.
LaTeX Font Info:    Try loading font information for U+msa on input line 17.
 (/usr/share/texmf-texlive/tex/latex/amsfonts/umsa.fd
File: umsa.fd 2009/06/22 v3.00 AMS symbols A
)
LaTeX Font Info:    Try loading font information for U+msb on input line 17.

(/usr/share/texmf-texlive/tex/latex/amsfonts/umsb.fd
File: umsb.fd 2009/06/22 v3.00 AMS symbols B
) [1

{/var/lib/texmf/fonts/map/pdftex/updmap/pdftex.map}] [1] [1] (./report.toc [1])
\tf@toc=\write3
\openout3 = `report.toc'.

 [2]
Underfull \hbox (badness 10000) in paragraph at lines 40--44

 []

[3] [4] [5] <capabilities.pdf, id=38, 919.435pt x 696.6025pt>
File: capabilities.pdf Graphic file (type pdf)

<use capabilities.pdf> (/usr/share/texmf-texlive/tex/latex/ucs/data/uni-34.def
File: uni-34.def 2004/10/17 UCS: Unicode data U+2200..U+22FF
) (/usr/share/texmf-texlive/tex/latex/ucs/data/uni-33.def
File: uni-33.def 2004/10/17 UCS: Unicode data U+2100..U+21FF
) [6 <./capabilities.pdf>]
Overfull \hbox (3.89507pt too wide) in paragraph at lines 92--98
[]\OT1/cmr/m/n/12 We as-sume that each ob-ject $\OML/cmm/m/it/12 o \OMS/cmsy/m/
n/12 2 \OML/cmm/m/it/12 O$ \OT1/cmr/m/n/12 is as-so-ci-ated with a unique at-tr
ibute tu-ple $(\OML/cmm/m/it/12 a[]; [] ; a[]\OT1/cmr/m/n/12 ) \OMS/cmsy/m/n/12
 2
 []

LaTeX Font Info:    Try loading font information for OMS+cmr on input line 99.
(/usr/share/texmf-texlive/tex/latex/base/omscmr.fd
File: omscmr.fd 1999/05/25 v2.5h Standard LaTeX font definitions
)
LaTeX Font Info:    Font shape `OMS/cmr/m/n' in size <12> not available
(Font)              Font shape `OMS/cmsy/m/n' tried instead on input line 99.
 [7]
<hasse.pdf, id=50, 2348.775pt x 1122.1925pt>
File: hasse.pdf Graphic file (type pdf)
 <use hasse.pdf> [8 <./hasse.pdf>]
<geospatial.pdf, id=57, 2940.9875pt x 1354.05875pt>
File: geospatial.pdf Graphic file (type pdf)
 <use geospatial.pdf>
[9] [10 <./geospatial.pdf>]
<binarydecompo.pdf, id=70, 2961.0625pt x 1805.74625pt>
File: binarydecompo.pdf Graphic file (type pdf)
 <use binarydecompo.pdf>
[11 <./binarydecompo.pdf>] [12]
(/usr/share/texmf-texlive/tex/latex/ucs/data/uni-32.def
File: uni-32.def 2004/10/17 UCS: Unicode data U+2000..U+20FF
) [13] [14]
<images/rsaKeyExchange.pdf, id=86, 342.27875pt x 168.63pt>
File: images/rsaKeyExchange.pdf Graphic file (type pdf)

<use images/rsaKeyExchange.pdf> [15 <./images/rsaKeyExchange.pdf>] [16]
[17]
Underfull \hbox (badness 10000) in paragraph at lines 275--280

 []

[18]
Underfull \hbox (badness 10000) in paragraph at lines 289--294

 []


Underfull \hbox (badness 10000) in paragraph at lines 313--317

 []

[19]
Underfull \hbox (badness 10000) in paragraph at lines 323--331

 []

[20] [21] [22] [23] [24] [25]
<client-classDiagram.pdf, id=127, 1666.225pt x 1325.95375pt>
File: client-classDiagram.pdf Graphic file (type pdf)

<use client-classDiagram.pdf> [26] [27 <./client-classDiagram.pdf>]
<server-classDiagram.pdf, id=135, 1543.7675pt x 1325.95375pt>
File: server-classDiagram.pdf Graphic file (type pdf)

<use server-classDiagram.pdf> [28] [29 <./server-classDiagram.pdf>]
Underfull \hbox (badness 10000) in paragraph at lines 502--507

 []

[30]

LaTeX Warning: `!h' float specifier changed to `!ht'.

[31] [32] [33] [34] [35]
Overfull \hbox (151.07341pt too wide) in paragraph at lines 663--665
\OT1/cmr/m/n/12 Available at: \OT1/cmtt/m/n/12 http://docs.oracle.com/javase/6/
docs/technotes/guides/security/crypto/CryptoSpec.html\OT1/cmr/m/n/12 . 
 []


Overfull \hbox (39.92336pt too wide) in paragraph at lines 675--677
\OT1/cmr/m/n/12 Available at: \OT1/cmtt/m/n/12 http://www.ruby-doc.org/stdlib-1
.9.3/libdoc/openssl/rdoc/index.html\OT1/cmr/m/n/12 . 
 []


Overfull \hbox (39.92336pt too wide) in paragraph at lines 682--685
\OT1/cmr/m/n/12 Available at: \OT1/cmtt/m/n/12 http://csrc.nist.gov/publication
s/fips/fips140-2/fips1402annexa.pdf\OT1/cmr/m/n/12 . 
 []


Overfull \hbox (21.39835pt too wide) in paragraph at lines 687--689
\OT1/cmr/m/n/12 Available at: \OT1/cmtt/m/n/12 http://csrc.nist.gov/publication
s/nistpubs/800-38a/sp800-38a.pdf\OT1/cmr/m/n/12 . 
 []


Underfull \hbox (badness 10000) in paragraph at lines 691--693
\OT1/cmr/m/n/12 Available at: $\OT1/cmtt/m/n/12 http : / / static . usenix . or
g / events / woot10 / tech / full _ papers /
 []

(/usr/share/texmf-texlive/tex/latex/ucs/data/uni-0.def
File: uni-0.def 2004/10/17 UCS: Unicode data U+0000..U+00FF
)
Overfull \hbox (52.27336pt too wide) in paragraph at lines 706--708
\OT1/cmr/m/n/12 Available at: \OT1/cmtt/m/n/12 http://csrc.nist.gov/publication
s/nistpubs/800-132/nist-sp800-132.pdf\OT1/cmr/m/n/12 . 
 []

[36] [37] (./report.aux) ) 
Here is how much of TeX's memory you used:
 4525 strings out of 495000
 60297 string characters out of 1180492
 123722 words of memory out of 3000000
 7676 multiletter control sequences out of 15000+50000
 14751 words of font info for 57 fonts, out of 3000000 for 9000
 36 hyphenation exceptions out of 8191
 36i,9n,38p,1820b,583s stack positions out of 5000i,500n,10000p,200000b,50000s
</usr/share/texmf-texlive/fonts/type1/public/amsfonts
/cm/cmbx12.pfb></usr/share/texmf-texlive/fonts/type1/public/amsfonts/cm/cmbxti1
0.pfb></usr/share/texmf-texlive/fonts/type1/public/amsfonts/cm/cmex10.pfb></usr
/share/texmf-texlive/fonts/type1/public/amsfonts/cm/cmmi12.pfb></usr/share/texm
f-texlive/fonts/type1/public/amsfonts/cm/cmmi6.pfb></usr/share/texmf-texlive/fo
nts/type1/public/amsfonts/cm/cmmi8.pfb></usr/share/texmf-texlive/fonts/type1/pu
blic/amsfonts/cm/cmr10.pfb></usr/share/texmf-texlive/fonts/type1/public/amsfont
s/cm/cmr12.pfb></usr/share/texmf-texlive/fonts/type1/public/amsfonts/cm/cmr17.p
fb></usr/share/texmf-texlive/fonts/type1/public/amsfonts/cm/cmr6.pfb></usr/shar
e/texmf-texlive/fonts/type1/public/amsfonts/cm/cmr7.pfb></usr/share/texmf-texli
ve/fonts/type1/public/amsfonts/cm/cmr8.pfb></usr/share/texmf-texlive/fonts/type
1/public/amsfonts/cm/cmsy10.pfb></usr/share/texmf-texlive/fonts/type1/public/am
sfonts/cm/cmsy8.pfb></usr/share/texmf-texlive/fonts/type1/public/amsfonts/cm/cm
ti12.pfb></usr/share/texmf-texlive/fonts/type1/public/amsfonts/cm/cmti8.pfb></u
sr/share/texmf-texlive/fonts/type1/public/amsfonts/cm/cmtt10.pfb></usr/share/te
xmf-texlive/fonts/type1/public/amsfonts/cm/cmtt12.pfb></usr/share/texmf-texlive
/fonts/type1/public/amsfonts/symbols/msbm10.pfb>
Output written on report.pdf (40 pages, 1679934 bytes).
PDF statistics:
 232 PDF objects out of 1000 (max. 8388607)
 0 named destinations out of 1000 (max. 500000)
 36 words of extra memory for PDF output out of 10000 (max. 10000000)

